<?xml version="1.0" encoding="UTF-8"?>
<!-- Generated by org.testng.reporters.JUnitReportReporter -->
<testsuite hostname="LAPTOP-LEEKOTLG" failures="0" tests="1" name="Gorest.GetData" time="5.784" errors="0" timestamp="2023-02-08T03:34:07 IST" skipped="0">
  <testcase classname="Gorest.GetData" name="getReq" time="5.784"/>
  <system-out/>
</testsuite> <!-- Gorest.GetData -->
