<?xml version="1.0" encoding="UTF-8"?>
<!-- Generated by org.testng.reporters.JUnitReportReporter -->
<testsuite hostname="LAPTOP-LEEKOTLG" failures="0" tests="1" name="PostData" time="1.859" errors="0" timestamp="2023-02-08T02:56:23 IST" skipped="0">
  <testcase classname="PostData" name="Create" time="1.859"/>
  <system-out/>
</testsuite> <!-- PostData -->
